# JRE version: Java(TM) SE Runtime Environment (8.0_121-b13) (build 1.8.0_121-b13)
# Java VM: Java HotSpot(TM) 64-Bit Server VM (25.121-b13 mixed mode bsd-amd64 compressed oops)
Heap:
 PSYoungGen      total 316928K, used 203630K [0x000000076ab00000, 0x000000077f180000, 0x00000007c0000000)
  eden space 309760K, 65% used [0x000000076ab00000,0x00000007771db908,0x000000077d980000)
  from space 7168K, 0% used [0x000000077d980000,0x000000077d980000,0x000000077e080000)
  to   space 12288K, 0% used [0x000000077e580000,0x000000077e580000,0x000000077f180000)
 ParOldGen       total 128000K, used 27240K [0x00000006c0000000, 0x00000006c7d00000, 0x000000076ab00000)
  object space 128000K, 21% used [0x00000006c0000000,0x00000006c1a9a028,0x00000006c7d00000)
 Metaspace       used 37522K, capacity 40022K, committed 40192K, reserved 1083392K
  class space    used 4994K, capacity 5559K, committed 5632K, reserved 1048576K
GC Heap History (10 events):
Event: 1136.524 GC heap before
{Heap before GC invocations=28 (full 9):
 PSYoungGen      total 270336K, used 257536K [0x000000076ab00000, 0x000000077c080000, 0x00000007c0000000)
  eden space 257536K, 100% used [0x000000076ab00000,0x000000077a680000,0x000000077a680000)
  from space 12800K, 0% used [0x000000077b400000,0x000000077b400000,0x000000077c080000)
  to   space 13312K, 0% used [0x000000077a680000,0x000000077a680000,0x000000077b380000)
 ParOldGen       total 128000K, used 26771K [0x00000006c0000000, 0x00000006c7d00000, 0x000000076ab00000)
  object space 128000K, 20% used [0x00000006c0000000,0x00000006c1a24fd8,0x00000006c7d00000)
 Metaspace       used 36990K, capacity 39380K, committed 39552K, reserved 1083392K
  class space    used 4945K, capacity 5477K, committed 5504K, reserved 1048576K
Event: 1136.529 GC heap after
Heap after GC invocations=28 (full 9):
 PSYoungGen      total 270848K, used 6832K [0x000000076ab00000, 0x000000077f280000, 0x00000007c0000000)
  eden space 257536K, 0% used [0x000000076ab00000,0x000000076ab00000,0x000000077a680000)
  from space 13312K, 51% used [0x000000077a680000,0x000000077ad2c030,0x000000077b380000)
  to   space 12800K, 0% used [0x000000077e600000,0x000000077e600000,0x000000077f280000)
 ParOldGen       total 128000K, used 26779K [0x00000006c0000000, 0x00000006c7d00000, 0x000000076ab00000)
  object space 128000K, 20% used [0x00000006c0000000,0x00000006c1a26fd8,0x00000006c7d00000)
 Metaspace       used 36990K, capacity 39380K, committed 39552K, reserved 1083392K
  class space    used 4945K, capacity 5477K, committed 5504K, reserved 1048576K
}
Event: 1136.539 GC heap before
{Heap before GC invocations=29 (full 9):
 PSYoungGen      total 270848K, used 17216K [0x000000076ab00000, 0x000000077f280000, 0x00000007c0000000)
  eden space 257536K, 4% used [0x000000076ab00000,0x000000076b5242f0,0x000000077a680000)
  from space 13312K, 51% used [0x000000077a680000,0x000000077ad2c030,0x000000077b380000)
  to   space 12800K, 0% used [0x000000077e600000,0x000000077e600000,0x000000077f280000)
 ParOldGen       total 128000K, used 26779K [0x00000006c0000000, 0x00000006c7d00000, 0x000000076ab00000)
  object space 128000K, 20% used [0x00000006c0000000,0x00000006c1a26fd8,0x00000006c7d00000)
 Metaspace       used 36990K, capacity 39380K, committed 39552K, reserved 1083392K
  class space    used 4945K, capacity 5477K, committed 5504K, reserved 1048576K
Event: 1136.541 GC heap after
Heap after GC invocations=29 (full 9):
 PSYoungGen      total 322560K, used 3452K [0x000000076ab00000, 0x000000077f280000, 0x00000007c0000000)
  eden space 309760K, 0% used [0x000000076ab00000,0x000000076ab00000,0x000000077d980000)
  from space 12800K, 26% used [0x000000077e600000,0x000000077e95f188,0x000000077f280000)
  to   space 12800K, 0% used [0x000000077d980000,0x000000077d980000,0x000000077e600000)
 ParOldGen       total 128000K, used 26779K [0x00000006c0000000, 0x00000006c7d00000, 0x000000076ab00000)
  object space 128000K, 20% used [0x00000006c0000000,0x00000006c1a26fd8,0x00000006c7d00000)
 Metaspace       used 36990K, capacity 39380K, committed 39552K, reserved 1083392K
  class space    used 4945K, capacity 5477K, committed 5504K, reserved 1048576K
}
Event: 1136.541 GC heap before
{Heap before GC invocations=30 (full 10):
 PSYoungGen      total 322560K, used 3452K [0x000000076ab00000, 0x000000077f280000, 0x00000007c0000000)
  eden space 309760K, 0% used [0x000000076ab00000,0x000000076ab00000,0x000000077d980000)
  from space 12800K, 26% used [0x000000077e600000,0x000000077e95f188,0x000000077f280000)
  to   space 12800K, 0% used [0x000000077d980000,0x000000077d980000,0x000000077e600000)
 ParOldGen       total 128000K, used 26779K [0x00000006c0000000, 0x00000006c7d00000, 0x000000076ab00000)
  object space 128000K, 20% used [0x00000006c0000000,0x00000006c1a26fd8,0x00000006c7d00000)
 Metaspace       used 36990K, capacity 39380K, committed 39552K, reserved 1083392K
  class space    used 4945K, capacity 5477K, committed 5504K, reserved 1048576K
Event: 1136.651 GC heap after
Heap after GC invocations=30 (full 10):
 PSYoungGen      total 322560K, used 0K [0x000000076ab00000, 0x000000077f280000, 0x00000007c0000000)
  eden space 309760K, 0% used [0x000000076ab00000,0x000000076ab00000,0x000000077d980000)
  from space 12800K, 0% used [0x000000077e600000,0x000000077e600000,0x000000077f280000)
  to   space 12800K, 0% used [0x000000077d980000,0x000000077d980000,0x000000077e600000)
 ParOldGen       total 128000K, used 23854K [0x00000006c0000000, 0x00000006c7d00000, 0x000000076ab00000)
  object space 128000K, 18% used [0x00000006c0000000,0x00000006c174b868,0x00000006c7d00000)
 Metaspace       used 36987K, capacity 39374K, committed 39552K, reserved 1083392K
  class space    used 4945K, capacity 5475K, committed 5504K, reserved 1048576K
}
Event: 1161.382 GC heap before
{Heap before GC invocations=31 (full 10):
 PSYoungGen      total 322560K, used 214074K [0x000000076ab00000, 0x000000077f280000, 0x00000007c0000000)
  eden space 309760K, 69% used [0x000000076ab00000,0x0000000777c0e9b8,0x000000077d980000)
  from space 12800K, 0% used [0x000000077e600000,0x000000077e600000,0x000000077f280000)
  to   space 12800K, 0% used [0x000000077d980000,0x000000077d980000,0x000000077e600000)
 ParOldGen       total 128000K, used 23854K [0x00000006c0000000, 0x00000006c7d00000, 0x000000076ab00000)
  object space 128000K, 18% used [0x00000006c0000000,0x00000006c174b868,0x00000006c7d00000)
 Metaspace       used 37314K, capacity 39768K, committed 39936K, reserved 1083392K
  class space    used 4974K, capacity 5519K, committed 5632K, reserved 1048576K
Event: 1161.389 GC heap after
Heap after GC invocations=31 (full 10):
 PSYoungGen      total 316928K, used 6810K [0x000000076ab00000, 0x000000077f180000, 0x00000007c0000000)
  eden space 309760K, 0% used [0x000000076ab00000,0x000000076ab00000,0x000000077d980000)
  from space 7168K, 95% used [0x000000077d980000,0x000000077e026b48,0x000000077e080000)
  to   space 12288K, 0% used [0x000000077e580000,0x000000077e580000,0x000000077f180000)
 ParOldGen       total 128000K, used 23862K [0x00000006c0000000, 0x00000006c7d00000, 0x000000076ab00000)
  object space 128000K, 18% used [0x00000006c0000000,0x00000006c174d868,0x00000006c7d00000)
 Metaspace       used 37314K, capacity 39768K, committed 39936K, reserved 1083392K
  class space    used 4974K, capacity 5519K, committed 5632K, reserved 1048576K
}
Event: 1161.389 GC heap before
{Heap before GC invocations=32 (full 11):
 PSYoungGen      total 316928K, used 6810K [0x000000076ab00000, 0x000000077f180000, 0x00000007c0000000)
  eden space 309760K, 0% used [0x000000076ab00000,0x000000076ab00000,0x000000077d980000)
  from space 7168K, 95% used [0x000000077d980000,0x000000077e026b48,0x000000077e080000)
  to   space 12288K, 0% used [0x000000077e580000,0x000000077e580000,0x000000077f180000)
 ParOldGen       total 128000K, used 23862K [0x00000006c0000000, 0x00000006c7d00000, 0x000000076ab00000)
  object space 128000K, 18% used [0x00000006c0000000,0x00000006c174d868,0x00000006c7d00000)
 Metaspace       used 37314K, capacity 39768K, committed 39936K, reserved 1083392K
  class space    used 4974K, capacity 5519K, committed 5632K, reserved 1048576K
Event: 1161.472 GC heap after
Heap after GC invocations=32 (full 11):
 PSYoungGen      total 316928K, used 0K [0x000000076ab00000, 0x000000077f180000, 0x00000007c0000000)
  eden space 309760K, 0% used [0x000000076ab00000,0x000000076ab00000,0x000000077d980000)
  from space 7168K, 0% used [0x000000077d980000,0x000000077d980000,0x000000077e080000)
  to   space 12288K, 0% used [0x000000077e580000,0x000000077e580000,0x000000077f180000)
 ParOldGen       total 128000K, used 27240K [0x00000006c0000000, 0x00000006c7d00000, 0x000000076ab00000)
  object space 128000K, 21% used [0x00000006c0000000,0x00000006c1a9a028,0x00000006c7d00000)
 Metaspace       used 37311K, capacity 39762K, committed 39936K, reserved 1083392K
  class space    used 4973K, capacity 5517K, committed 5632K, reserved 1048576K
}

